[2016-10-21 05:18:17] production.ERROR: ErrorException: Trying to get property of non-object in /var/www/html/yopify/api/yo/app/Http/Controllers/Web/EventTypesController.php:37
Stack trace:
#0 /var/www/html/yopify/api/yo/app/Http/Controllers/Web/EventTypesController.php(37): Illuminate\Foundation\Bootstrap\HandleExceptions->handleError(8, 'Trying to get p...', '/var/www/html/y...', 37, Array)
#1 [internal function]: App\Http\Controllers\Web\EventTypesController->index(Object(Illuminate\Http\Request))
#2 /var/www/html/yopify/api/yo/bootstrap/cache/compiled.php(9374): call_user_func_array(Array, Array)
#3 /var/www/html/yopify/api/yo/bootstrap/cache/compiled.php(9401): Illuminate\Routing\Controller->callAction('index', Array)
#4 /var/www/html/yopify/api/yo/bootstrap/cache/compiled.php(8459): Illuminate\Routing\ControllerDispatcher->dispatch(Object(Illuminate\Routing\Route), Object(App\Http\Controllers\Web\EventTypesController), 'index')
#5 /var/www/html/yopify/api/yo/bootstrap/cache/compiled.php(8440): Illuminate\Routing\Route->runController()
#6 /var/www/html/yopify/api/yo/bootstrap/cache/compiled.php(8149): Illuminate\Routing\Route->run(Object(Illuminate\Http\Request))
#7 /var/www/html/yopify/api/yo/vendor/laravel/framework/src/Illuminate/Routing/Pipeline.php(53): Illuminate\Routing\Router->Illuminate\Routing\{closure}(Object(Illuminate\Http\Request))
#8 /var/www/html/yopify/api/yo/spark/src/Http/Middleware/VerifyUserIsSubscribed.php(19): Illuminate\Routing\Pipeline->Illuminate\Routing\{closure}(Object(Illuminate\Http\Request))
#9 /var/www/html/yopify/api/yo/bootstrap/cache/compiled.php(9859): Laravel\Spark\Http\Middleware\VerifyUserIsSubscribed->handle(Object(Illuminate\Http\Request), Object(Closure))
#10 /var/www/html/yopify/api/yo/vendor/laravel/framework/src/Illuminate/Routing/Pipeline.php(33): Illuminate\Pipeline\Pipeline->Illuminate\Pipeline\{closure}(Object(Illuminate\Http\Request))
#11 /var/www/html/yopify/api/yo/spark/src/Http/Middleware/VerifyUserHasTeam.php(22): Illuminate\Routing\Pipeline->Illuminate\Routing\{closure}(Object(Illuminate\Http\Request))
#12 /var/www/html/yopify/api/yo/bootstrap/cache/compiled.php(9859): Laravel\Spark\Http\Middleware\VerifyUserHasTeam->handle(Object(Illuminate\Http\Request), Object(Closure))
#13 /var/www/html/yopify/api/yo/vendor/laravel/framework/src/Illuminate/Routing/Pipeline.php(33): Illuminate\Pipeline\Pipeline->Illuminate\Pipeline\{closure}(Object(Illuminate\Http\Request))
#14 /var/www/html/yopify/api/yo/spark/src/Http/Middleware/CreateFreshApiToken.php(40): Illuminate\Routing\Pipeline->Illuminate\Routing\{closure}(Object(Illuminate\Http\Request))
#15 /var/www/html/yopify/api/yo/bootstrap/cache/compiled.php(9859): Laravel\Spark\Http\Middleware\CreateFreshApiToken->handle(Object(Illuminate\Http\Request), Object(Closure))
#16 /var/www/html/yopify/api/yo/vendor/laravel/framework/src/Illuminate/Routing/Pipeline.php(33): Illuminate\Pipeline\Pipeline->Illuminate\Pipeline\{closure}(Object(Illuminate\Http\Request))
#17 /var/www/html/yopify/api/yo/bootstrap/cache/compiled.php(9967): Illuminate\Routing\Pipeline->Illuminate\Routing\{closure}(Object(Illuminate\Http\Request))
#18 /var/www/html/yopify/api/yo/bootstrap/cache/compiled.php(9859): Illuminate\Routing\Middleware\SubstituteBindings->handle(Object(Illuminate\Http\Request), Object(Closure))
#19 /var/www/html/yopify/api/yo/vendor/laravel/framework/src/Illuminate/Routing/Pipeline.php(33): Illuminate\Pipeline\Pipeline->Illuminate\Pipeline\{closure}(Object(Illuminate\Http\Request))
#20 /var/www/html/yopify/api/yo/bootstrap/cache/compiled.php(3151): Illuminate\Routing\Pipeline->Illuminate\Routing\{closure}(Object(Illuminate\Http\Request))
#21 /var/www/html/yopify/api/yo/bootstrap/cache/compiled.php(9859): Illuminate\Foundation\Http\Middleware\VerifyCsrfToken->handle(Object(Illuminate\Http\Request), Object(Closure))
#22 /var/www/html/yopify/api/yo/vendor/laravel/framework/src/Illuminate/Routing/Pipeline.php(33): Illuminate\Pipeline\Pipeline->Illuminate\Pipeline\{closure}(Object(Illuminate\Http\Request))
#23 /var/www/html/yopify/api/yo/bootstrap/cache/compiled.php(13459): Illuminate\Routing\Pipeline->Illuminate\Routing\{closure}(Object(Illuminate\Http\Request))
#24 /var/www/html/yopify/api/yo/bootstrap/cache/compiled.php(9859): Illuminate\View\Middleware\ShareErrorsFromSession->handle(Object(Illuminate\Http\Request), Object(Closure))
#25 /var/www/html/yopify/api/yo/vendor/laravel/framework/src/Illuminate/Routing/Pipeline.php(33): Illuminate\Pipeline\Pipeline->Illuminate\Pipeline\{closure}(Object(Illuminate\Http\Request))
#26 /var/www/html/yopify/api/yo/bootstrap/cache/compiled.php(11899): Illuminate\Routing\Pipeline->Illuminate\Routing\{closure}(Object(Illuminate\Http\Request))
#27 /var/www/html/yopify/api/yo/bootstrap/cache/compiled.php(9859): Illuminate\Session\Middleware\StartSession->handle(Object(Illuminate\Http\Request), Object(Closure))
#28 /var/www/html/yopify/api/yo/vendor/laravel/framework/src/Illuminate/Routing/Pipeline.php(33): Illuminate\Pipeline\Pipeline->Illuminate\Pipeline\{closure}(Object(Illuminate\Http\Request))
#29 /var/www/html/yopify/api/yo/bootstrap/cache/compiled.php(13205): Illuminate\Routing\Pipeline->Illuminate\Routing\{closure}(Object(Illuminate\Http\Request))
#30 /var/www/html/yopify/api/yo/bootstrap/cache/compiled.php(9859): Illuminate\Cookie\Middleware\AddQueuedCookiesToResponse->handle(Object(Illuminate\Http\Request), Object(Closure))
#31 /var/www/html/yopify/api/yo/vendor/laravel/framework/src/Illuminate/Routing/Pipeline.php(33): Illuminate\Pipeline\Pipeline->Illuminate\Pipeline\{closure}(Object(Illuminate\Http\Request))
#32 /var/www/html/yopify/api/yo/bootstrap/cache/compiled.php(13142): Illuminate\Routing\Pipeline->Illuminate\Routing\{closure}(Object(Illuminate\Http\Request))
#33 /var/www/html/yopify/api/yo/bootstrap/cache/compiled.php(9859): Illuminate\Cookie\Middleware\EncryptCookies->handle(Object(Illuminate\Http\Request), Object(Closure))
#34 /var/www/html/yopify/api/yo/vendor/laravel/framework/src/Illuminate/Routing/Pipeline.php(33): Illuminate\Pipeline\Pipeline->Illuminate\Pipeline\{closure}(Object(Illuminate\Http\Request))
#35 /var/www/html/yopify/api/yo/bootstrap/cache/compiled.php(9844): Illuminate\Routing\Pipeline->Illuminate\Routing\{closure}(Object(Illuminate\Http\Request))
#36 /var/www/html/yopify/api/yo/bootstrap/cache/compiled.php(8150): Illuminate\Pipeline\Pipeline->then(Object(Closure))
#37 /var/www/html/yopify/api/yo/bootstrap/cache/compiled.php(8141): Illuminate\Routing\Router->runRouteWithinStack(Object(Illuminate\Routing\Route), Object(Illuminate\Http\Request))
#38 /var/www/html/yopify/api/yo/bootstrap/cache/compiled.php(8132): Illuminate\Routing\Router->dispatchToRoute(Object(Illuminate\Http\Request))
#39 /var/www/html/yopify/api/yo/bootstrap/cache/compiled.php(2472): Illuminate\Routing\Router->dispatch(Object(Illuminate\Http\Request))
#40 /var/www/html/yopify/api/yo/vendor/laravel/framework/src/Illuminate/Routing/Pipeline.php(53): Illuminate\Foundation\Http\Kernel->Illuminate\Foundation\Http\{closure}(Object(Illuminate\Http\Request))
#41 /var/www/html/yopify/api/yo/bootstrap/cache/compiled.php(3213): Illuminate\Routing\Pipeline->Illuminate\Routing\{closure}(Object(Illuminate\Http\Request))
#42 /var/www/html/yopify/api/yo/bootstrap/cache/compiled.php(9859): Illuminate\Foundation\Http\Middleware\CheckForMaintenanceMode->handle(Object(Illuminate\Http\Request), Object(Closure))
#43 /var/www/html/yopify/api/yo/vendor/laravel/framework/src/Illuminate/Routing/Pipeline.php(33): Illuminate\Pipeline\Pipeline->Illuminate\Pipeline\{closure}(Object(Illuminate\Http\Request))
#44 /var/www/html/yopify/api/yo/vendor/dingo/api/src/Http/Middleware/Request.php(111): Illuminate\Routing\Pipeline->Illuminate\Routing\{closure}(Object(Illuminate\Http\Request))
#45 /var/www/html/yopify/api/yo/bootstrap/cache/compiled.php(9859): Dingo\Api\Http\Middleware\Request->handle(Object(Illuminate\Http\Request), Object(Closure))
#46 /var/www/html/yopify/api/yo/vendor/laravel/framework/src/Illuminate/Routing/Pipeline.php(33): Illuminate\Pipeline\Pipeline->Illuminate\Pipeline\{closure}(Object(Illuminate\Http\Request))
#47 /var/www/html/yopify/api/yo/bootstrap/cache/compiled.php(9844): Illuminate\Routing\Pipeline->Illuminate\Routing\{closure}(Object(Illuminate\Http\Request))
#48 /var/www/html/yopify/api/yo/bootstrap/cache/compiled.php(2416): Illuminate\Pipeline\Pipeline->then(Object(Closure))
#49 /var/www/html/yopify/api/yo/bootstrap/cache/compiled.php(2400): Illuminate\Foundation\Http\Kernel->sendRequestThroughRouter(Object(Illuminate\Http\Request))
#50 /var/www/html/yopify/api/yo/public/index.php(53): Illuminate\Foundation\Http\Kernel->handle(Object(Illuminate\Http\Request))
#51 {main}  
[2016-10-21 05:18:37] production.ERROR: ErrorException: Trying to get property of non-object in /var/www/html/yopify/api/yo/app/Http/Controllers/Web/EventTypesController.php:37
Stack trace:
#0 /var/www/html/yopify/api/yo/app/Http/Controllers/Web/EventTypesController.php(37): Illuminate\Foundation\Bootstrap\HandleExceptions->handleError(8, 'Trying to get p...', '/var/www/html/y...', 37, Array)
#1 [internal function]: App\Http\Controllers\Web\EventTypesController->index(Object(Illuminate\Http\Request))
#2 /var/www/html/yopify/api/yo/bootstrap/cache/compiled.php(9374): call_user_func_array(Array, Array)
#3 /var/www/html/yopify/api/yo/bootstrap/cache/compiled.php(9401): Illuminate\Routing\Controller->callAction('index', Array)
#4 /var/www/html/yopify/api/yo/bootstrap/cache/compiled.php(8459): Illuminate\Routing\ControllerDispatcher->dispatch(Object(Illuminate\Routing\Route), Object(App\Http\Controllers\Web\EventTypesController), 'index')
#5 /var/www/html/yopify/api/yo/bootstrap/cache/compiled.php(8440): Illuminate\Routing\Route->runController()
#6 /var/www/html/yopify/api/yo/bootstrap/cache/compiled.php(8149): Illuminate\Routing\Route->run(Object(Illuminate\Http\Request))
#7 /var/www/html/yopify/api/yo/vendor/laravel/framework/src/Illuminate/Routing/Pipeline.php(53): Illuminate\Routing\Router->Illuminate\Routing\{closure}(Object(Illuminate\Http\Request))
#8 /var/www/html/yopify/api/yo/spark/src/Http/Middleware/VerifyUserIsSubscribed.php(19): Illuminate\Routing\Pipeline->Illuminate\Routing\{closure}(Object(Illuminate\Http\Request))
#9 /var/www/html/yopify/api/yo/bootstrap/cache/compiled.php(9859): Laravel\Spark\Http\Middleware\VerifyUserIsSubscribed->handle(Object(Illuminate\Http\Request), Object(Closure))
#10 /var/www/html/yopify/api/yo/vendor/laravel/framework/src/Illuminate/Routing/Pipeline.php(33): Illuminate\Pipeline\Pipeline->Illuminate\Pipeline\{closure}(Object(Illuminate\Http\Request))
#11 /var/www/html/yopify/api/yo/spark/src/Http/Middleware/VerifyUserHasTeam.php(22): Illuminate\Routing\Pipeline->Illuminate\Routing\{closure}(Object(Illuminate\Http\Request))
#12 /var/www/html/yopify/api/yo/bootstrap/cache/compiled.php(9859): Laravel\Spark\Http\Middleware\VerifyUserHasTeam->handle(Object(Illuminate\Http\Request), Object(Closure))
#13 /var/www/html/yopify/api/yo/vendor/laravel/framework/src/Illuminate/Routing/Pipeline.php(33): Illuminate\Pipeline\Pipeline->Illuminate\Pipeline\{closure}(Object(Illuminate\Http\Request))
#14 /var/www/html/yopify/api/yo/spark/src/Http/Middleware/CreateFreshApiToken.php(40): Illuminate\Routing\Pipeline->Illuminate\Routing\{closure}(Object(Illuminate\Http\Request))
#15 /var/www/html/yopify/api/yo/bootstrap/cache/compiled.php(9859): Laravel\Spark\Http\Middleware\CreateFreshApiToken->handle(Object(Illuminate\Http\Request), Object(Closure))
#16 /var/www/html/yopify/api/yo/vendor/laravel/framework/src/Illuminate/Routing/Pipeline.php(33): Illuminate\Pipeline\Pipeline->Illuminate\Pipeline\{closure}(Object(Illuminate\Http\Request))
#17 /var/www/html/yopify/api/yo/bootstrap/cache/compiled.php(9967): Illuminate\Routing\Pipeline->Illuminate\Routing\{closure}(Object(Illuminate\Http\Request))
#18 /var/www/html/yopify/api/yo/bootstrap/cache/compiled.php(9859): Illuminate\Routing\Middleware\SubstituteBindings->handle(Object(Illuminate\Http\Request), Object(Closure))
#19 /var/www/html/yopify/api/yo/vendor/laravel/framework/src/Illuminate/Routing/Pipeline.php(33): Illuminate\Pipeline\Pipeline->Illuminate\Pipeline\{closure}(Object(Illuminate\Http\Request))
#20 /var/www/html/yopify/api/yo/bootstrap/cache/compiled.php(3151): Illuminate\Routing\Pipeline->Illuminate\Routing\{closure}(Object(Illuminate\Http\Request))
#21 /var/www/html/yopify/api/yo/bootstrap/cache/compiled.php(9859): Illuminate\Foundation\Http\Middleware\VerifyCsrfToken->handle(Object(Illuminate\Http\Request), Object(Closure))
#22 /var/www/html/yopify/api/yo/vendor/laravel/framework/src/Illuminate/Routing/Pipeline.php(33): Illuminate\Pipeline\Pipeline->Illuminate\Pipeline\{closure}(Object(Illuminate\Http\Request))
#23 /var/www/html/yopify/api/yo/bootstrap/cache/compiled.php(13459): Illuminate\Routing\Pipeline->Illuminate\Routing\{closure}(Object(Illuminate\Http\Request))
#24 /var/www/html/yopify/api/yo/bootstrap/cache/compiled.php(9859): Illuminate\View\Middleware\ShareErrorsFromSession->handle(Object(Illuminate\Http\Request), Object(Closure))
#25 /var/www/html/yopify/api/yo/vendor/laravel/framework/src/Illuminate/Routing/Pipeline.php(33): Illuminate\Pipeline\Pipeline->Illuminate\Pipeline\{closure}(Object(Illuminate\Http\Request))
#26 /var/www/html/yopify/api/yo/bootstrap/cache/compiled.php(11899): Illuminate\Routing\Pipeline->Illuminate\Routing\{closure}(Object(Illuminate\Http\Request))
#27 /var/www/html/yopify/api/yo/bootstrap/cache/compiled.php(9859): Illuminate\Session\Middleware\StartSession->handle(Object(Illuminate\Http\Request), Object(Closure))
#28 /var/www/html/yopify/api/yo/vendor/laravel/framework/src/Illuminate/Routing/Pipeline.php(33): Illuminate\Pipeline\Pipeline->Illuminate\Pipeline\{closure}(Object(Illuminate\Http\Request))
#29 /var/www/html/yopify/api/yo/bootstrap/cache/compiled.php(13205): Illuminate\Routing\Pipeline->Illuminate\Routing\{closure}(Object(Illuminate\Http\Request))
#30 /var/www/html/yopify/api/yo/bootstrap/cache/compiled.php(9859): Illuminate\Cookie\Middleware\AddQueuedCookiesToResponse->handle(Object(Illuminate\Http\Request), Object(Closure))
#31 /var/www/html/yopify/api/yo/vendor/laravel/framework/src/Illuminate/Routing/Pipeline.php(33): Illuminate\Pipeline\Pipeline->Illuminate\Pipeline\{closure}(Object(Illuminate\Http\Request))
#32 /var/www/html/yopify/api/yo/bootstrap/cache/compiled.php(13142): Illuminate\Routing\Pipeline->Illuminate\Routing\{closure}(Object(Illuminate\Http\Request))
#33 /var/www/html/yopify/api/yo/bootstrap/cache/compiled.php(9859): Illuminate\Cookie\Middleware\EncryptCookies->handle(Object(Illuminate\Http\Request), Object(Closure))
#34 /var/www/html/yopify/api/yo/vendor/laravel/framework/src/Illuminate/Routing/Pipeline.php(33): Illuminate\Pipeline\Pipeline->Illuminate\Pipeline\{closure}(Object(Illuminate\Http\Request))
#35 /var/www/html/yopify/api/yo/bootstrap/cache/compiled.php(9844): Illuminate\Routing\Pipeline->Illuminate\Routing\{closure}(Object(Illuminate\Http\Request))
#36 /var/www/html/yopify/api/yo/bootstrap/cache/compiled.php(8150): Illuminate\Pipeline\Pipeline->then(Object(Closure))
#37 /var/www/html/yopify/api/yo/bootstrap/cache/compiled.php(8141): Illuminate\Routing\Router->runRouteWithinStack(Object(Illuminate\Routing\Route), Object(Illuminate\Http\Request))
#38 /var/www/html/yopify/api/yo/bootstrap/cache/compiled.php(8132): Illuminate\Routing\Router->dispatchToRoute(Object(Illuminate\Http\Request))
#39 /var/www/html/yopify/api/yo/bootstrap/cache/compiled.php(2472): Illuminate\Routing\Router->dispatch(Object(Illuminate\Http\Request))
#40 /var/www/html/yopify/api/yo/vendor/laravel/framework/src/Illuminate/Routing/Pipeline.php(53): Illuminate\Foundation\Http\Kernel->Illuminate\Foundation\Http\{closure}(Object(Illuminate\Http\Request))
#41 /var/www/html/yopify/api/yo/bootstrap/cache/compiled.php(3213): Illuminate\Routing\Pipeline->Illuminate\Routing\{closure}(Object(Illuminate\Http\Request))
#42 /var/www/html/yopify/api/yo/bootstrap/cache/compiled.php(9859): Illuminate\Foundation\Http\Middleware\CheckForMaintenanceMode->handle(Object(Illuminate\Http\Request), Object(Closure))
#43 /var/www/html/yopify/api/yo/vendor/laravel/framework/src/Illuminate/Routing/Pipeline.php(33): Illuminate\Pipeline\Pipeline->Illuminate\Pipeline\{closure}(Object(Illuminate\Http\Request))
#44 /var/www/html/yopify/api/yo/vendor/dingo/api/src/Http/Middleware/Request.php(111): Illuminate\Routing\Pipeline->Illuminate\Routing\{closure}(Object(Illuminate\Http\Request))
#45 /var/www/html/yopify/api/yo/bootstrap/cache/compiled.php(9859): Dingo\Api\Http\Middleware\Request->handle(Object(Illuminate\Http\Request), Object(Closure))
#46 /var/www/html/yopify/api/yo/vendor/laravel/framework/src/Illuminate/Routing/Pipeline.php(33): Illuminate\Pipeline\Pipeline->Illuminate\Pipeline\{closure}(Object(Illuminate\Http\Request))
#47 /var/www/html/yopify/api/yo/bootstrap/cache/compiled.php(9844): Illuminate\Routing\Pipeline->Illuminate\Routing\{closure}(Object(Illuminate\Http\Request))
#48 /var/www/html/yopify/api/yo/bootstrap/cache/compiled.php(2416): Illuminate\Pipeline\Pipeline->then(Object(Closure))
#49 /var/www/html/yopify/api/yo/bootstrap/cache/compiled.php(2400): Illuminate\Foundation\Http\Kernel->sendRequestThroughRouter(Object(Illuminate\Http\Request))
#50 /var/www/html/yopify/api/yo/public/index.php(53): Illuminate\Foundation\Http\Kernel->handle(Object(Illuminate\Http\Request))
#51 {main}  
